# JRE version: Java(TM) SE Runtime Environment (8.0_121-b13) (build 1.8.0_121-b13)
# Java VM: Java HotSpot(TM) Client VM (25.121-b13 mixed mode windows-x86 )
Heap:
 def new generation   total 39424K, used 23269K [0x05200000, 0x07cc0000, 0x0fca0000)
  eden space 35072K,  66% used [0x05200000, 0x068b8eb0, 0x07440000)
  from space 4352K,   0% used [0x07880000, 0x078807e8, 0x07cc0000)
  to   space 4352K,   0% used [0x07440000, 0x07440000, 0x07880000)
 tenured generation   total 87424K, used 37199K [0x0fca0000, 0x15200000, 0x25200000)
   the space 87424K,  42% used [0x0fca0000, 0x120f3ea0, 0x120f4000, 0x15200000)
 Metaspace       used 19365K, capacity 19838K, committed 19968K, reserved 20864K
GC Heap History (10 events):
Event: 20586.084 GC heap before
{Heap before GC invocations=401 (full 1):
 def new generation   total 39424K, used 36469K [0x05200000, 0x07cc0000, 0x0fca0000)
  eden space 35072K, 100% used [0x05200000, 0x07440000, 0x07440000)
  from space 4352K,  32% used [0x07440000, 0x0759d7d0, 0x07880000)
  to   space 4352K,   0% used [0x07880000, 0x07880000, 0x07cc0000)
 tenured generation   total 87424K, used 32405K [0x0fca0000, 0x15200000, 0x25200000)
   the space 87424K,  37% used [0x0fca0000, 0x11c454e8, 0x11c45600, 0x15200000)
 Metaspace       used 19361K, capacity 19836K, committed 19968K, reserved 20864K
Event: 20586.087 GC heap after
Heap after GC invocations=402 (full 1):
 def new generation   total 39424K, used 680K [0x05200000, 0x07cc0000, 0x0fca0000)
  eden space 35072K,   0% used [0x05200000, 0x05200000, 0x07440000)
  from space 4352K,  15% used [0x07880000, 0x0792a170, 0x07cc0000)
  to   space 4352K,   0% used [0x07440000, 0x07440000, 0x07880000)
 tenured generation   total 87424K, used 32405K [0x0fca0000, 0x15200000, 0x25200000)
   the space 87424K,  37% used [0x0fca0000, 0x11c454f8, 0x11c45600, 0x15200000)
 Metaspace       used 19361K, capacity 19836K, committed 19968K, reserved 20864K
}
Event: 20751.004 GC heap before
{Heap before GC invocations=402 (full 1):
 def new generation   total 39424K, used 35752K [0x05200000, 0x07cc0000, 0x0fca0000)
  eden space 35072K, 100% used [0x05200000, 0x07440000, 0x07440000)
  from space 4352K,  15% used [0x07880000, 0x0792a170, 0x07cc0000)
  to   space 4352K,   0% used [0x07440000, 0x07440000, 0x07880000)
 tenured generation   total 87424K, used 32405K [0x0fca0000, 0x15200000, 0x25200000)
   the space 87424K,  37% used [0x0fca0000, 0x11c454f8, 0x11c45600, 0x15200000)
 Metaspace       used 19361K, capacity 19836K, committed 19968K, reserved 20864K
Event: 20751.007 GC heap after
Heap after GC invocations=403 (full 1):
 def new generation   total 39424K, used 681K [0x05200000, 0x07cc0000, 0x0fca0000)
  eden space 35072K,   0% used [0x05200000, 0x05200000, 0x07440000)
  from space 4352K,  15% used [0x07440000, 0x074ea758, 0x07880000)
  to   space 4352K,   0% used [0x07880000, 0x07880000, 0x07cc0000)
 tenured generation   total 87424K, used 32406K [0x0fca0000, 0x15200000, 0x25200000)
   the space 87424K,  37% used [0x0fca0000, 0x11c45a10, 0x11c45c00, 0x15200000)
 Metaspace       used 19361K, capacity 19836K, committed 19968K, reserved 20864K
}
Event: 21724.289 GC heap before
{Heap before GC invocations=403 (full 1):
 def new generation   total 39424K, used 35753K [0x05200000, 0x07cc0000, 0x0fca0000)
  eden space 35072K, 100% used [0x05200000, 0x07440000, 0x07440000)
  from space 4352K,  15% used [0x07440000, 0x074ea758, 0x07880000)
  to   space 4352K,   0% used [0x07880000, 0x07880000, 0x07cc0000)
 tenured generation   total 87424K, used 32406K [0x0fca0000, 0x15200000, 0x25200000)
   the space 87424K,  37% used [0x0fca0000, 0x11c45a10, 0x11c45c00, 0x15200000)
 Metaspace       used 19365K, capacity 19838K, committed 19968K, reserved 20864K
Event: 21724.307 GC heap after
Heap after GC invocations=404 (full 1):
 def new generation   total 39424K, used 4352K [0x05200000, 0x07cc0000, 0x0fca0000)
  eden space 35072K,   0% used [0x05200000, 0x05200000, 0x07440000)
  from space 4352K, 100% used [0x07880000, 0x07cc0000, 0x07cc0000)
  to   space 4352K,   0% used [0x07440000, 0x07440000, 0x07880000)
 tenured generation   total 87424K, used 32852K [0x0fca0000, 0x15200000, 0x25200000)
   the space 87424K,  37% used [0x0fca0000, 0x11cb5158, 0x11cb5200, 0x15200000)
 Metaspace       used 19365K, capacity 19838K, committed 19968K, reserved 20864K
}
Event: 23619.197 GC heap before
{Heap before GC invocations=404 (full 1):
 def new generation   total 39424K, used 39424K [0x05200000, 0x07cc0000, 0x0fca0000)
  eden space 35072K, 100% used [0x05200000, 0x07440000, 0x07440000)
  from space 4352K, 100% used [0x07880000, 0x07cc0000, 0x07cc0000)
  to   space 4352K,   0% used [0x07440000, 0x07440000, 0x07880000)
 tenured generation   total 87424K, used 32852K [0x0fca0000, 0x15200000, 0x25200000)
   the space 87424K,  37% used [0x0fca0000, 0x11cb5158, 0x11cb5200, 0x15200000)
 Metaspace       used 19365K, capacity 19838K, committed 19968K, reserved 20864K
Event: 23619.202 GC heap after
Heap after GC invocations=405 (full 1):
 def new generation   total 39424K, used 112K [0x05200000, 0x07cc0000, 0x0fca0000)
  eden space 35072K,   0% used [0x05200000, 0x05200000, 0x07440000)
  from space 4352K,   2% used [0x07440000, 0x0745c128, 0x07880000)
  to   space 4352K,   0% used [0x07880000, 0x07880000, 0x07cc0000)
 tenured generation   total 87424K, used 37199K [0x0fca0000, 0x15200000, 0x25200000)
   the space 87424K,  42% used [0x0fca0000, 0x120f3ea0, 0x120f4000, 0x15200000)
 Metaspace       used 19365K, capacity 19838K, committed 19968K, reserved 20864K
}
Event: 25529.589 GC heap before
{Heap before GC invocations=405 (full 1):
 def new generation   total 39424K, used 35184K [0x05200000, 0x07cc0000, 0x0fca0000)
  eden space 35072K, 100% used [0x05200000, 0x07440000, 0x07440000)
  from space 4352K,   2% used [0x07440000, 0x0745c128, 0x07880000)
  to   space 4352K,   0% used [0x07880000, 0x07880000, 0x07cc0000)
 tenured generation   total 87424K, used 37199K [0x0fca0000, 0x15200000, 0x25200000)
   the space 87424K,  42% used [0x0fca0000, 0x120f3ea0, 0x120f4000, 0x15200000)
 Metaspace       used 19365K, capacity 19838K, committed 19968K, reserved 20864K
Event: 25529.591 GC heap after
Heap after GC invocations=406 (full 1):
 def new generation   total 39424K, used 1K [0x05200000, 0x07cc0000, 0x0fca0000)
  eden space 35072K,   0% used [0x05200000, 0x05200000, 0x07440000)
  from space 4352K,   0% used [0x07880000, 0x078807e8, 0x07cc0000)
  to   space 4352K,   0% used [0x07440000, 0x07440000, 0x07880000)
 tenured generation   total 87424K, used 37199K [0x0fca0000, 0x15200000, 0x25200000)
   the space 87424K,  42% used [0x0fca0000, 0x120f3ea0, 0x120f4000, 0x15200000)
 Metaspace       used 19365K, capacity 19838K, committed 19968K, reserved 20864K
}

