# JRE version: Java(TM) SE Runtime Environment (8.0_121-b13) (build 1.8.0_121-b13)
# Java VM: Java HotSpot(TM) Client VM (25.121-b13 mixed mode windows-x86 )
Heap:
 def new generation   total 39424K, used 11818K [0x05200000, 0x07cc0000, 0x0fca0000)
  eden space 35072K,  30% used [0x05200000, 0x05c495b8, 0x07440000)
  from space 4352K,  29% used [0x07440000, 0x07581288, 0x07880000)
  to   space 4352K,   0% used [0x07880000, 0x07880000, 0x07cc0000)
 tenured generation   total 87424K, used 31608K [0x0fca0000, 0x15200000, 0x25200000)
   the space 87424K,  36% used [0x0fca0000, 0x11b7e298, 0x11b7e400, 0x15200000)
 Metaspace       used 18656K, capacity 19097K, committed 19200K, reserved 19840K
GC Heap History (10 events):
Event: 8.250 GC heap before
{Heap before GC invocations=2 (full 0):
 def new generation   total 39296K, used 26290K [0x05200000, 0x07ca0000, 0x0fca0000)
  eden space 34944K,  62% used [0x05200000, 0x0676cbc8, 0x07420000)
  from space 4352K, 100% used [0x07420000, 0x07860000, 0x07860000)
  to   space 4352K,   0% used [0x07860000, 0x07860000, 0x07ca0000)
 tenured generation   total 87424K, used 10531K [0x0fca0000, 0x15200000, 0x25200000)
   the space 87424K,  12% used [0x0fca0000, 0x106e8ff8, 0x106e9000, 0x15200000)
 Metaspace       used 11932K, capacity 12256K, committed 12288K, reserved 12672K
Event: 8.292 GC heap after
Heap after GC invocations=3 (full 1):
 def new generation   total 39424K, used 0K [0x05200000, 0x07cc0000, 0x0fca0000)
  eden space 35072K,   0% used [0x05200000, 0x05200000, 0x07440000)
  from space 4352K,   0% used [0x07440000, 0x07440000, 0x07880000)
  to   space 4352K,   0% used [0x07880000, 0x07880000, 0x07cc0000)
 tenured generation   total 87424K, used 15677K [0x0fca0000, 0x15200000, 0x25200000)
   the space 87424K,  17% used [0x0fca0000, 0x10bef6f8, 0x10bef800, 0x15200000)
 Metaspace       used 11932K, capacity 12256K, committed 12288K, reserved 12672K
}
Event: 9.348 GC heap before
{Heap before GC invocations=3 (full 1):
 def new generation   total 39424K, used 35072K [0x05200000, 0x07cc0000, 0x0fca0000)
  eden space 35072K, 100% used [0x05200000, 0x07440000, 0x07440000)
  from space 4352K,   0% used [0x07440000, 0x07440000, 0x07880000)
  to   space 4352K,   0% used [0x07880000, 0x07880000, 0x07cc0000)
 tenured generation   total 87424K, used 15677K [0x0fca0000, 0x15200000, 0x25200000)
   the space 87424K,  17% used [0x0fca0000, 0x10bef6f8, 0x10bef800, 0x15200000)
 Metaspace       used 14880K, capacity 15275K, committed 15360K, reserved 15744K
Event: 9.364 GC heap after
Heap after GC invocations=4 (full 1):
 def new generation   total 39424K, used 4352K [0x05200000, 0x07cc0000, 0x0fca0000)
  eden space 35072K,   0% used [0x05200000, 0x05200000, 0x07440000)
  from space 4352K, 100% used [0x07880000, 0x07cc0000, 0x07cc0000)
  to   space 4352K,   0% used [0x07440000, 0x07440000, 0x07880000)
 tenured generation   total 87424K, used 16936K [0x0fca0000, 0x15200000, 0x25200000)
   the space 87424K,  19% used [0x0fca0000, 0x10d2a190, 0x10d2a200, 0x15200000)
 Metaspace       used 14880K, capacity 15275K, committed 15360K, reserved 15744K
}
Event: 70.556 GC heap before
{Heap before GC invocations=4 (full 1):
 def new generation   total 39424K, used 39424K [0x05200000, 0x07cc0000, 0x0fca0000)
  eden space 35072K, 100% used [0x05200000, 0x07440000, 0x07440000)
  from space 4352K, 100% used [0x07880000, 0x07cc0000, 0x07cc0000)
  to   space 4352K,   0% used [0x07440000, 0x07440000, 0x07880000)
 tenured generation   total 87424K, used 16936K [0x0fca0000, 0x15200000, 0x25200000)
   the space 87424K,  19% used [0x0fca0000, 0x10d2a190, 0x10d2a200, 0x15200000)
 Metaspace       used 18612K, capacity 19060K, committed 19200K, reserved 19840K
Event: 70.580 GC heap after
Heap after GC invocations=5 (full 1):
 def new generation   total 39424K, used 4352K [0x05200000, 0x07cc0000, 0x0fca0000)
  eden space 35072K,   0% used [0x05200000, 0x05200000, 0x07440000)
  from space 4352K, 100% used [0x07440000, 0x07880000, 0x07880000)
  to   space 4352K,   0% used [0x07880000, 0x07880000, 0x07cc0000)
 tenured generation   total 87424K, used 24543K [0x0fca0000, 0x15200000, 0x25200000)
   the space 87424K,  28% used [0x0fca0000, 0x11497d38, 0x11497e00, 0x15200000)
 Metaspace       used 18612K, capacity 19060K, committed 19200K, reserved 19840K
}
Event: 12390.346 GC heap before
{Heap before GC invocations=5 (full 1):
 def new generation   total 39424K, used 39424K [0x05200000, 0x07cc0000, 0x0fca0000)
  eden space 35072K, 100% used [0x05200000, 0x07440000, 0x07440000)
  from space 4352K, 100% used [0x07440000, 0x07880000, 0x07880000)
  to   space 4352K,   0% used [0x07880000, 0x07880000, 0x07cc0000)
 tenured generation   total 87424K, used 24543K [0x0fca0000, 0x15200000, 0x25200000)
   the space 87424K,  28% used [0x0fca0000, 0x11497d38, 0x11497e00, 0x15200000)
 Metaspace       used 18644K, capacity 19063K, committed 19200K, reserved 19840K
Event: 12390.487 GC heap after
Heap after GC invocations=6 (full 1):
 def new generation   total 39424K, used 848K [0x05200000, 0x07cc0000, 0x0fca0000)
  eden space 35072K,   0% used [0x05200000, 0x05200000, 0x07440000)
  from space 4352K,  19% used [0x07880000, 0x079540a8, 0x07cc0000)
  to   space 4352K,   0% used [0x07440000, 0x07440000, 0x07880000)
 tenured generation   total 87424K, used 27768K [0x0fca0000, 0x15200000, 0x25200000)
   the space 87424K,  31% used [0x0fca0000, 0x117be288, 0x117be400, 0x15200000)
 Metaspace       used 18644K, capacity 19063K, committed 19200K, reserved 19840K
}
Event: 26919.804 GC heap before
{Heap before GC invocations=6 (full 1):
 def new generation   total 39424K, used 35920K [0x05200000, 0x07cc0000, 0x0fca0000)
  eden space 35072K, 100% used [0x05200000, 0x07440000, 0x07440000)
  from space 4352K,  19% used [0x07880000, 0x079540a8, 0x07cc0000)
  to   space 4352K,   0% used [0x07440000, 0x07440000, 0x07880000)
 tenured generation   total 87424K, used 27768K [0x0fca0000, 0x15200000, 0x25200000)
   the space 87424K,  31% used [0x0fca0000, 0x117be288, 0x117be400, 0x15200000)
 Metaspace       used 18655K, capacity 19097K, committed 19200K, reserved 19840K
Event: 26919.846 GC heap after
Heap after GC invocations=7 (full 1):
 def new generation   total 39424K, used 1284K [0x05200000, 0x07cc0000, 0x0fca0000)
  eden space 35072K,   0% used [0x05200000, 0x05200000, 0x07440000)
  from space 4352K,  29% used [0x07440000, 0x07581288, 0x07880000)
  to   space 4352K,   0% used [0x07880000, 0x07880000, 0x07cc0000)
 tenured generation   total 87424K, used 31608K [0x0fca0000, 0x15200000, 0x25200000)
   the space 87424K,  36% used [0x0fca0000, 0x11b7e298, 0x11b7e400, 0x15200000)
 Metaspace       used 18655K, capacity 19097K, committed 19200K, reserved 19840K
}

